[2014-01-23 19:12:04] request.ERROR: Uncaught PHP Exception Symfony\Component\HttpKernel\Exception\NotFoundHttpException: "No route found for "GET /"" at /var/www/vendor/symfony/symfony/src/Symfony/Component/HttpKernel/EventListener/RouterListener.php line 144 {"exception":"[object] (Symfony\\Component\\HttpKernel\\Exception\\NotFoundHttpException: No route found for \"GET /\" at /var/www/vendor/symfony/symfony/src/Symfony/Component/HttpKernel/EventListener/RouterListener.php:144, Symfony\\Component\\Routing\\Exception\\ResourceNotFoundException:  at /var/www/app/cache/prod/appProdUrlMatcher.php:32)"} []
[2014-01-23 19:12:22] request.ERROR: Uncaught PHP Exception Symfony\Component\HttpKernel\Exception\NotFoundHttpException: "No route found for "GET /demo/hello/fuckoff"" at /var/www/vendor/symfony/symfony/src/Symfony/Component/HttpKernel/EventListener/RouterListener.php line 144 {"exception":"[object] (Symfony\\Component\\HttpKernel\\Exception\\NotFoundHttpException: No route found for \"GET /demo/hello/fuckoff\" at /var/www/vendor/symfony/symfony/src/Symfony/Component/HttpKernel/EventListener/RouterListener.php:144, Symfony\\Component\\Routing\\Exception\\ResourceNotFoundException:  at /var/www/app/cache/prod/appProdUrlMatcher.php:32)"} []
[2014-01-23 22:59:12] request.ERROR: Uncaught PHP Exception Symfony\Component\HttpKernel\Exception\NotFoundHttpException: "No route found for "GET /" (from "http://10.99.20.50/web/")" at /var/www/app/cache/prod/classes.php line 1977 {"exception":"[object] (Symfony\\Component\\HttpKernel\\Exception\\NotFoundHttpException: No route found for \"GET /\" (from \"http://10.99.20.50/web/\") at /var/www/app/cache/prod/classes.php:1977, Symfony\\Component\\Routing\\Exception\\ResourceNotFoundException:  at /var/www/app/cache/prod/appProdUrlMatcher.php:32)"} []
[2014-01-23 23:11:32] request.ERROR: Uncaught PHP Exception Symfony\Component\HttpKernel\Exception\NotFoundHttpException: "No route found for "GET /"" at /var/www/app/cache/prod/classes.php line 1977 {"exception":"[object] (Symfony\\Component\\HttpKernel\\Exception\\NotFoundHttpException: No route found for \"GET /\" at /var/www/app/cache/prod/classes.php:1977, Symfony\\Component\\Routing\\Exception\\ResourceNotFoundException:  at /var/www/app/cache/prod/appProdUrlMatcher.php:32)"} []
[2014-01-23 23:11:38] request.ERROR: Uncaught PHP Exception Symfony\Component\HttpKernel\Exception\NotFoundHttpException: "No route found for "GET /hello"" at /var/www/app/cache/prod/classes.php line 1977 {"exception":"[object] (Symfony\\Component\\HttpKernel\\Exception\\NotFoundHttpException: No route found for \"GET /hello\" at /var/www/app/cache/prod/classes.php:1977, Symfony\\Component\\Routing\\Exception\\ResourceNotFoundException:  at /var/www/app/cache/prod/appProdUrlMatcher.php:32)"} []
[2014-01-23 23:11:43] request.ERROR: Uncaught PHP Exception Symfony\Component\HttpKernel\Exception\NotFoundHttpException: "No route found for "GET /hello/test"" at /var/www/app/cache/prod/classes.php line 1977 {"exception":"[object] (Symfony\\Component\\HttpKernel\\Exception\\NotFoundHttpException: No route found for \"GET /hello/test\" at /var/www/app/cache/prod/classes.php:1977, Symfony\\Component\\Routing\\Exception\\ResourceNotFoundException:  at /var/www/app/cache/prod/appProdUrlMatcher.php:32)"} []
[2014-01-23 23:52:41] request.ERROR: Uncaught PHP Exception Symfony\Component\HttpKernel\Exception\NotFoundHttpException: "No route found for "GET /images/overlay.png" (from "http://10.99.20.50/app.php/hello/a")" at /var/www/vendor/symfony/symfony/src/Symfony/Component/HttpKernel/EventListener/RouterListener.php line 144 {"exception":"[object] (Symfony\\Component\\HttpKernel\\Exception\\NotFoundHttpException: No route found for \"GET /images/overlay.png\" (from \"http://10.99.20.50/app.php/hello/a\") at /var/www/vendor/symfony/symfony/src/Symfony/Component/HttpKernel/EventListener/RouterListener.php:144, Symfony\\Component\\Routing\\Exception\\ResourceNotFoundException:  at /var/www/app/cache/prod/appProdUrlMatcher.php:35)"} []
[2014-01-24 00:13:56] request.ERROR: Uncaught PHP Exception Symfony\Component\HttpKernel\Exception\NotFoundHttpException: "No route found for "GET /images/overlay.png" (from "http://10.99.20.50/app.php/hello/yo")" at /var/www/app/cache/prod/classes.php line 1977 {"exception":"[object] (Symfony\\Component\\HttpKernel\\Exception\\NotFoundHttpException: No route found for \"GET /images/overlay.png\" (from \"http://10.99.20.50/app.php/hello/yo\") at /var/www/app/cache/prod/classes.php:1977, Symfony\\Component\\Routing\\Exception\\ResourceNotFoundException:  at /var/www/app/cache/prod/appProdUrlMatcher.php:35)"} []
[2014-01-24 08:50:30] request.ERROR: Uncaught PHP Exception Symfony\Component\HttpKernel\Exception\NotFoundHttpException: "No route found for "GET /images/overlay.png" (from "http://10.99.20.50/app.php/hello/a")" at /var/www/app/cache/prod/classes.php line 1977 {"exception":"[object] (Symfony\\Component\\HttpKernel\\Exception\\NotFoundHttpException: No route found for \"GET /images/overlay.png\" (from \"http://10.99.20.50/app.php/hello/a\") at /var/www/app/cache/prod/classes.php:1977, Symfony\\Component\\Routing\\Exception\\ResourceNotFoundException:  at /var/www/app/cache/prod/appProdUrlMatcher.php:35)"} []
[2014-01-24 08:50:33] request.ERROR: Uncaught PHP Exception Symfony\Component\HttpKernel\Exception\NotFoundHttpException: "No route found for "GET /images/overlay.png" (from "http://10.99.20.50/app.php/hello/a")" at /var/www/app/cache/prod/classes.php line 1977 {"exception":"[object] (Symfony\\Component\\HttpKernel\\Exception\\NotFoundHttpException: No route found for \"GET /images/overlay.png\" (from \"http://10.99.20.50/app.php/hello/a\") at /var/www/app/cache/prod/classes.php:1977, Symfony\\Component\\Routing\\Exception\\ResourceNotFoundException:  at /var/www/app/cache/prod/appProdUrlMatcher.php:35)"} []
[2014-01-24 13:39:06] request.ERROR: Uncaught PHP Exception Symfony\Component\HttpKernel\Exception\NotFoundHttpException: "No route found for "GET /"" at /var/www/app/cache/prod/classes.php line 1977 {"exception":"[object] (Symfony\\Component\\HttpKernel\\Exception\\NotFoundHttpException: No route found for \"GET /\" at /var/www/app/cache/prod/classes.php:1977, Symfony\\Component\\Routing\\Exception\\ResourceNotFoundException:  at /var/www/app/cache/prod/appProdUrlMatcher.php:35)"} []
[2014-01-24 14:24:51] request.ERROR: Uncaught PHP Exception Symfony\Component\HttpKernel\Exception\NotFoundHttpException: "No route found for "GET /settings"" at /var/www/app/cache/prod/classes.php line 1977 {"exception":"[object] (Symfony\\Component\\HttpKernel\\Exception\\NotFoundHttpException: No route found for \"GET /settings\" at /var/www/app/cache/prod/classes.php:1977, Symfony\\Component\\Routing\\Exception\\ResourceNotFoundException:  at /var/www/app/cache/prod/appProdUrlMatcher.php:35)"} []
[2014-01-24 14:24:55] request.ERROR: Uncaught PHP Exception Symfony\Component\HttpKernel\Exception\NotFoundHttpException: "No route found for "GET /"" at /var/www/app/cache/prod/classes.php line 1977 {"exception":"[object] (Symfony\\Component\\HttpKernel\\Exception\\NotFoundHttpException: No route found for \"GET /\" at /var/www/app/cache/prod/classes.php:1977, Symfony\\Component\\Routing\\Exception\\ResourceNotFoundException:  at /var/www/app/cache/prod/appProdUrlMatcher.php:35)"} []
[2014-01-29 23:01:29] request.ERROR: Uncaught PHP Exception Symfony\Component\HttpKernel\Exception\NotFoundHttpException: "No route found for "GET /ipaddresses"" at /var/www/app/cache/prod/classes.php line 1977 {"exception":"[object] (Symfony\\Component\\HttpKernel\\Exception\\NotFoundHttpException: No route found for \"GET /ipaddresses\" at /var/www/app/cache/prod/classes.php:1977, Symfony\\Component\\Routing\\Exception\\ResourceNotFoundException:  at /var/www/app/cache/prod/appProdUrlMatcher.php:72)"} []
[2014-03-11 23:44:48] event.DEBUG: Notified event "kernel.request" to listener "Symfony\Bundle\FrameworkBundle\EventListener\SessionListener::onKernelRequest". [] []
[2014-03-11 23:44:48] event.DEBUG: Notified event "kernel.request" to listener "Symfony\Component\HttpKernel\EventListener\FragmentListener::onKernelRequest". [] []
[2014-03-11 23:44:48] event.DEBUG: Notified event "kernel.request" to listener "Symfony\Component\HttpKernel\EventListener\RouterListener::onKernelRequest". [] []
[2014-03-11 23:44:48] event.DEBUG: Notified event "kernel.exception" to listener "Symfony\Component\HttpKernel\EventListener\ExceptionListener::onKernelException". [] []
[2014-03-11 23:44:48] request.ERROR: Uncaught PHP Exception Symfony\Component\HttpKernel\Exception\NotFoundHttpException: "No route found for "GET /css/styles_part_1_style_1.css"" at /var/www/app/cache/prod/classes.php line 1977 {"exception":"[object] (Symfony\\Component\\HttpKernel\\Exception\\NotFoundHttpException: No route found for \"GET /css/styles_part_1_style_1.css\" at /var/www/app/cache/prod/classes.php:1977, Symfony\\Component\\Routing\\Exception\\ResourceNotFoundException:  at /var/www/app/cache/prod/appProdUrlMatcher.php:232)"} []
[2014-03-11 23:44:48] event.DEBUG: Notified event "kernel.request" to listener "closure". [] []
[2014-03-11 23:44:48] event.DEBUG: Notified event "kernel.request" to listener "Symfony\Bundle\FrameworkBundle\EventListener\SessionListener::onKernelRequest". [] []
[2014-03-11 23:44:48] event.DEBUG: Notified event "kernel.request" to listener "closure". [] []
[2014-03-11 23:44:48] event.DEBUG: Notified event "kernel.request" to listener "Symfony\Component\HttpKernel\EventListener\FragmentListener::onKernelRequest". [] []
[2014-03-11 23:44:48] event.DEBUG: Notified event "kernel.request" to listener "closure". [] []
[2014-03-11 23:44:48] event.DEBUG: Notified event "kernel.request" to listener "Symfony\Component\HttpKernel\EventListener\RouterListener::onKernelRequest". [] []
[2014-03-11 23:44:48] event.DEBUG: Notified event "kernel.request" to listener "closure". [] []
[2014-03-11 23:44:48] event.DEBUG: Notified event "kernel.request" to listener "Symfony\Component\HttpKernel\EventListener\LocaleListener::onKernelRequest". [] []
[2014-03-11 23:44:48] event.DEBUG: Notified event "kernel.request" to listener "closure". [] []
[2014-03-11 23:44:48] event.DEBUG: Notified event "kernel.request" to listener "Symfony\Component\Security\Http\Firewall::onKernelRequest". [] []
[2014-03-11 23:44:48] event.DEBUG: Notified event "kernel.request" to listener "closure". [] []
[2014-03-11 23:44:48] event.DEBUG: Notified event "kernel.request" to listener "Symfony\Component\HttpKernel\EventListener\ErrorsLoggerListener::injectLogger". [] []
[2014-03-11 23:44:48] event.DEBUG: Notified event "kernel.request" to listener "closure". [] []
[2014-03-11 23:44:48] event.DEBUG: Notified event "kernel.request" to listener "Symfony\Component\HttpKernel\EventListener\ErrorsLoggerListener::injectLogger". [] []
[2014-03-11 23:44:48] event.DEBUG: Notified event "kernel.controller" to listener "Sensio\Bundle\FrameworkExtraBundle\EventListener\ControllerListener::onKernelController". [] []
[2014-03-11 23:44:48] event.DEBUG: Notified event "kernel.controller" to listener "Sensio\Bundle\FrameworkExtraBundle\EventListener\ParamConverterListener::onKernelController". [] []
[2014-03-11 23:44:48] event.DEBUG: Notified event "kernel.controller" to listener "Sensio\Bundle\FrameworkExtraBundle\EventListener\HttpCacheListener::onKernelController". [] []
[2014-03-11 23:44:48] event.DEBUG: Notified event "kernel.controller" to listener "Sensio\Bundle\FrameworkExtraBundle\EventListener\SecurityListener::onKernelController". [] []
[2014-03-11 23:44:48] event.DEBUG: Notified event "kernel.controller" to listener "Sensio\Bundle\FrameworkExtraBundle\EventListener\TemplateListener::onKernelController". [] []
[2014-03-11 23:44:48] event.DEBUG: Notified event "kernel.response" to listener "Symfony\Component\HttpKernel\EventListener\ResponseListener::onKernelResponse". [] []
[2014-03-11 23:44:48] event.DEBUG: Notified event "kernel.response" to listener "Symfony\Component\Security\Http\RememberMe\ResponseListener::onKernelResponse". [] []
[2014-03-11 23:44:48] event.DEBUG: Notified event "kernel.response" to listener "Sensio\Bundle\FrameworkExtraBundle\EventListener\HttpCacheListener::onKernelResponse". [] []
[2014-03-11 23:44:48] event.DEBUG: Notified event "kernel.response" to listener "Symfony\Component\HttpKernel\EventListener\StreamedResponseListener::onKernelResponse". [] []
[2014-03-11 23:44:48] event.DEBUG: Notified event "kernel.finish_request" to listener "Symfony\Component\HttpKernel\EventListener\LocaleListener::onKernelFinishRequest". [] []
[2014-03-11 23:44:48] event.DEBUG: Notified event "kernel.finish_request" to listener "Symfony\Component\HttpKernel\EventListener\RouterListener::onKernelFinishRequest". [] []
[2014-03-11 23:44:48] event.DEBUG: Notified event "kernel.finish_request" to listener "Symfony\Component\Security\Http\Firewall::onKernelFinishRequest". [] []
[2014-03-11 23:44:48] event.DEBUG: Listener "Symfony\Component\HttpKernel\EventListener\ExceptionListener::onKernelException" stopped propagation of the event "kernel.exception". [] []
[2014-03-11 23:44:48] event.DEBUG: Notified event "kernel.response" to listener "Symfony\Component\HttpKernel\EventListener\ResponseListener::onKernelResponse". [] []
[2014-03-11 23:44:48] event.DEBUG: Notified event "kernel.response" to listener "Symfony\Component\Security\Http\RememberMe\ResponseListener::onKernelResponse". [] []
[2014-03-11 23:44:48] event.DEBUG: Notified event "kernel.response" to listener "Sensio\Bundle\FrameworkExtraBundle\EventListener\HttpCacheListener::onKernelResponse". [] []
[2014-03-11 23:44:48] event.DEBUG: Notified event "kernel.response" to listener "Symfony\Component\HttpKernel\EventListener\StreamedResponseListener::onKernelResponse". [] []
[2014-03-11 23:44:48] event.DEBUG: Notified event "kernel.finish_request" to listener "Symfony\Component\HttpKernel\EventListener\LocaleListener::onKernelFinishRequest". [] []
[2014-03-11 23:44:48] event.DEBUG: Notified event "kernel.finish_request" to listener "Symfony\Component\HttpKernel\EventListener\RouterListener::onKernelFinishRequest". [] []
[2014-03-11 23:44:48] event.DEBUG: Notified event "kernel.finish_request" to listener "Symfony\Component\Security\Http\Firewall::onKernelFinishRequest". [] []
[2014-03-11 23:44:48] event.DEBUG: Notified event "kernel.terminate" to listener "Symfony\Bundle\SwiftmailerBundle\EventListener\EmailSenderListener::onKernelTerminate". [] []
[2014-03-12 09:38:16] event.DEBUG: Notified event "kernel.request" to listener "Symfony\Bundle\FrameworkBundle\EventListener\SessionListener::onKernelRequest". [] []
[2014-03-12 09:38:16] event.DEBUG: Notified event "kernel.request" to listener "Symfony\Component\HttpKernel\EventListener\FragmentListener::onKernelRequest". [] []
[2014-03-12 09:38:16] event.DEBUG: Notified event "kernel.request" to listener "Symfony\Component\HttpKernel\EventListener\RouterListener::onKernelRequest". [] []
[2014-03-12 09:38:16] request.INFO: Matched route "dlpjobs" (parameters: "_controller": "Roelab\GusBundle\Controller\DefaultController::dlpjobsAction", "_route": "dlpjobs") [] []
[2014-03-12 09:38:16] event.DEBUG: Notified event "kernel.request" to listener "Symfony\Component\HttpKernel\EventListener\LocaleListener::onKernelRequest". [] []
[2014-03-12 09:38:16] event.DEBUG: Notified event "kernel.request" to listener "Symfony\Component\Security\Http\Firewall::onKernelRequest". [] []
[2014-03-12 09:38:16] event.DEBUG: Notified event "kernel.request" to listener "Symfony\Component\HttpKernel\EventListener\ErrorsLoggerListener::injectLogger". [] []
[2014-03-12 09:38:16] event.DEBUG: Notified event "kernel.request" to listener "Symfony\Component\HttpKernel\EventListener\ErrorsLoggerListener::injectLogger". [] []
[2014-03-12 09:38:16] event.DEBUG: Notified event "kernel.controller" to listener "Sensio\Bundle\FrameworkExtraBundle\EventListener\ControllerListener::onKernelController". [] []
[2014-03-12 09:38:16] event.DEBUG: Notified event "kernel.controller" to listener "Sensio\Bundle\FrameworkExtraBundle\EventListener\ParamConverterListener::onKernelController". [] []
[2014-03-12 09:38:16] event.DEBUG: Notified event "kernel.controller" to listener "Sensio\Bundle\FrameworkExtraBundle\EventListener\HttpCacheListener::onKernelController". [] []
[2014-03-12 09:38:16] event.DEBUG: Notified event "kernel.controller" to listener "Sensio\Bundle\FrameworkExtraBundle\EventListener\SecurityListener::onKernelController". [] []
[2014-03-12 09:38:16] event.DEBUG: Notified event "kernel.controller" to listener "Sensio\Bundle\FrameworkExtraBundle\EventListener\TemplateListener::onKernelController". [] []
[2014-03-12 09:38:16] doctrine.DEBUG: SELECT t0.id AS id1, t0.type AS type2, t0.name AS name3, t0.schedule AS schedule4 FROM Job t0 WHERE t0.type = ? [3] []
[2014-03-12 09:38:16] doctrine.DEBUG: SELECT t0.id AS id1, t0.type AS type2, t0.name AS name3 FROM Can t0 [] []
[2014-03-12 09:38:17] doctrine.DEBUG: SELECT c0_.id AS id0, c0_.type AS type1, c0_.name AS name2 FROM Can c0_ WHERE c0_.type = 3 ORDER BY c0_.name ASC [] []
[2014-03-12 09:38:17] event.DEBUG: Notified event "kernel.exception" to listener "Symfony\Component\HttpKernel\EventListener\ExceptionListener::onKernelException". [] []
[2014-03-12 09:38:17] request.CRITICAL: Uncaught PHP Exception Twig_Error_Loader: "Unable to find template "AcmeTaskBundle:Form:fields.html.twig" in "::base.html.twig" at line 90." at /var/www/vendor/symfony/symfony/src/Symfony/Bundle/TwigBundle/Loader/FilesystemLoader.php line 106 {"exception":"[object] (Twig_Error_Loader: Unable to find template \"AcmeTaskBundle:Form:fields.html.twig\" in \"::base.html.twig\" at line 90. at /var/www/vendor/symfony/symfony/src/Symfony/Bundle/TwigBundle/Loader/FilesystemLoader.php:106, InvalidArgumentException: Template name \"AcmeTaskBundle:Form:fields.html.twig\" is not valid. at /var/www/app/cache/prod/classes.php:749, InvalidArgumentException: Bundle \"AcmeTaskBundle\" does not exist or it is not enabled. Maybe you forgot to add it in the registerBundles() method of your AppKernel.php file? at /var/www/app/bootstrap.php.cache:2325)"} []
[2014-03-12 09:38:17] event.DEBUG: Notified event "kernel.request" to listener "Symfony\Bundle\FrameworkBundle\EventListener\SessionListener::onKernelRequest". [] []
[2014-03-12 09:38:17] event.DEBUG: Notified event "kernel.request" to listener "Symfony\Component\HttpKernel\EventListener\FragmentListener::onKernelRequest". [] []
[2014-03-12 09:38:17] event.DEBUG: Notified event "kernel.request" to listener "Symfony\Component\HttpKernel\EventListener\RouterListener::onKernelRequest". [] []
[2014-03-12 09:38:17] event.DEBUG: Notified event "kernel.request" to listener "Symfony\Component\HttpKernel\EventListener\LocaleListener::onKernelRequest". [] []
[2014-03-12 09:38:17] event.DEBUG: Notified event "kernel.request" to listener "Symfony\Component\Security\Http\Firewall::onKernelRequest". [] []
[2014-03-12 09:38:17] event.DEBUG: Notified event "kernel.request" to listener "Symfony\Component\HttpKernel\EventListener\ErrorsLoggerListener::injectLogger". [] []
[2014-03-12 09:38:17] event.DEBUG: Notified event "kernel.request" to listener "Symfony\Component\HttpKernel\EventListener\ErrorsLoggerListener::injectLogger". [] []
[2014-03-12 09:38:17] event.DEBUG: Notified event "kernel.controller" to listener "Sensio\Bundle\FrameworkExtraBundle\EventListener\ControllerListener::onKernelController". [] []
[2014-03-12 09:38:17] event.DEBUG: Notified event "kernel.controller" to listener "Sensio\Bundle\FrameworkExtraBundle\EventListener\ParamConverterListener::onKernelController". [] []
[2014-03-12 09:38:17] event.DEBUG: Notified event "kernel.controller" to listener "Sensio\Bundle\FrameworkExtraBundle\EventListener\HttpCacheListener::onKernelController". [] []
[2014-03-12 09:38:17] event.DEBUG: Notified event "kernel.controller" to listener "Sensio\Bundle\FrameworkExtraBundle\EventListener\SecurityListener::onKernelController". [] []
[2014-03-12 09:38:17] event.DEBUG: Notified event "kernel.controller" to listener "Sensio\Bundle\FrameworkExtraBundle\EventListener\TemplateListener::onKernelController". [] []
[2014-03-12 09:38:18] event.DEBUG: Notified event "kernel.response" to listener "Symfony\Component\HttpKernel\EventListener\ResponseListener::onKernelResponse". [] []
[2014-03-12 09:38:18] event.DEBUG: Notified event "kernel.response" to listener "Symfony\Component\Security\Http\RememberMe\ResponseListener::onKernelResponse". [] []
[2014-03-12 09:38:18] event.DEBUG: Notified event "kernel.response" to listener "Sensio\Bundle\FrameworkExtraBundle\EventListener\HttpCacheListener::onKernelResponse". [] []
[2014-03-12 09:38:18] event.DEBUG: Notified event "kernel.response" to listener "Symfony\Component\HttpKernel\EventListener\StreamedResponseListener::onKernelResponse". [] []
[2014-03-12 09:38:18] event.DEBUG: Notified event "kernel.finish_request" to listener "Symfony\Component\HttpKernel\EventListener\LocaleListener::onKernelFinishRequest". [] []
[2014-03-12 09:38:18] event.DEBUG: Notified event "kernel.finish_request" to listener "Symfony\Component\HttpKernel\EventListener\RouterListener::onKernelFinishRequest". [] []
[2014-03-12 09:38:18] event.DEBUG: Notified event "kernel.finish_request" to listener "Symfony\Component\Security\Http\Firewall::onKernelFinishRequest". [] []
[2014-03-12 09:38:18] event.DEBUG: Listener "Symfony\Component\HttpKernel\EventListener\ExceptionListener::onKernelException" stopped propagation of the event "kernel.exception". [] []
[2014-03-12 09:38:18] event.DEBUG: Notified event "kernel.response" to listener "Symfony\Component\HttpKernel\EventListener\ResponseListener::onKernelResponse". [] []
[2014-03-12 09:38:18] event.DEBUG: Notified event "kernel.response" to listener "Symfony\Component\Security\Http\RememberMe\ResponseListener::onKernelResponse". [] []
[2014-03-12 09:38:18] event.DEBUG: Notified event "kernel.response" to listener "Sensio\Bundle\FrameworkExtraBundle\EventListener\HttpCacheListener::onKernelResponse". [] []
[2014-03-12 09:38:18] event.DEBUG: Notified event "kernel.response" to listener "Symfony\Component\HttpKernel\EventListener\StreamedResponseListener::onKernelResponse". [] []
[2014-03-12 09:38:18] event.DEBUG: Notified event "kernel.finish_request" to listener "Symfony\Component\HttpKernel\EventListener\LocaleListener::onKernelFinishRequest". [] []
[2014-03-12 09:38:18] event.DEBUG: Notified event "kernel.finish_request" to listener "Symfony\Component\HttpKernel\EventListener\RouterListener::onKernelFinishRequest". [] []
[2014-03-12 09:38:18] event.DEBUG: Notified event "kernel.finish_request" to listener "Symfony\Component\Security\Http\Firewall::onKernelFinishRequest". [] []
[2014-03-12 09:38:18] event.DEBUG: Notified event "kernel.terminate" to listener "Symfony\Bundle\SwiftmailerBundle\EventListener\EmailSenderListener::onKernelTerminate". [] []
